app/build/intermediates/manifest_merge_blame_file/debug/manifest-merger-blame-debug-report.txt
1<?xml version="1.0" encoding="utf-8"?>
2<manifest xmlns:android="http://schemas.android.com/apk/res/android"
3    package="com.chazzca.chismografoforte"
4    android:versionCode="1"
5    android:versionName="1.0" >
6
7    <uses-sdk
8        android:minSdkVersion="16"
8-->src\main\AndroidManifest.xml
9        android:targetSdkVersion="30" />
9-->src\main\AndroidManifest.xml
10
11    <uses-permission android:name="android.permission.ACCESS_NETWORK_STATE" />
11-->src\main\AndroidManifest.xml:5:5-79
11-->src\main\AndroidManifest.xml:5:22-76
12    <uses-permission android:name="android.permission.INTERNET" />
12-->src\main\AndroidManifest.xml:6:5-67
12-->src\main\AndroidManifest.xml:6:22-64
13
14    <application
14-->src\main\AndroidManifest.xml:8:5-35:19
15        android:allowBackup="true"
15-->src\main\AndroidManifest.xml:9:9-35
16        android:appComponentFactory="androidx.core.app.CoreComponentFactory"
16-->[androidx.core:core:1.3.1] AndroidManifest.xml:24:18-86
17        android:debuggable="true"
18        android:icon="@mipmap/ic_launcher"
18-->src\main\AndroidManifest.xml:10:9-43
19        android:label="@string/app_name"
19-->src\main\AndroidManifest.xml:11:9-41
20        android:roundIcon="@mipmap/ic_launcher_round"
20-->src\main\AndroidManifest.xml:12:9-54
21        android:supportsRtl="true"
21-->src\main\AndroidManifest.xml:13:9-35
22        android:testOnly="true"
23        android:theme="@style/AppTheme"
23-->src\main\AndroidManifest.xml:14:9-40
24        android:usesCleartextTraffic="true"
24-->src\main\AndroidManifest.xml:15:9-44
25        android:vmSafeMode="true" >
25-->src\main\AndroidManifest.xml:16:9-34
26        <activity android:name="com.chazzca.chismografoforte.ChismografoActivity" />
26-->src\main\AndroidManifest.xml:17:9-66
26-->src\main\AndroidManifest.xml:17:19-54
27        <activity android:name="com.chazzca.chismografoforte.ContestarPreguntasActivity" />
27-->src\main\AndroidManifest.xml:18:9-64
27-->src\main\AndroidManifest.xml:18:19-61
28        <activity android:name="com.chazzca.chismografoforte.PrincipalActivity" />
28-->src\main\AndroidManifest.xml:19:9-55
28-->src\main\AndroidManifest.xml:19:19-52
29        <activity android:name="com.chazzca.chismografoforte.RegistroActivity" />
29-->src\main\AndroidManifest.xml:20:9-54
29-->src\main\AndroidManifest.xml:20:19-51
30        <activity
30-->src\main\AndroidManifest.xml:21:9-30:20
31            android:name="com.chazzca.chismografoforte.splashscreen.SplashScreen"
31-->src\main\AndroidManifest.xml:22:13-54
32            android:screenOrientation="portrait"
32-->src\main\AndroidManifest.xml:23:13-49
33            android:theme="@style/AppTheme.NoActionBar" >
33-->src\main\AndroidManifest.xml:24:13-56
34            <intent-filter>
34-->src\main\AndroidManifest.xml:25:13-29:29
35                <action android:name="android.intent.action.MAIN" />
35-->src\main\AndroidManifest.xml:26:17-69
35-->src\main\AndroidManifest.xml:26:25-66
36
37                <category android:name="android.intent.category.LAUNCHER" />
37-->src\main\AndroidManifest.xml:28:17-77
37-->src\main\AndroidManifest.xml:28:27-74
38            </intent-filter>
39        </activity>
40        <activity
40-->src\main\AndroidManifest.xml:31:9-34:59
41            android:name="com.chazzca.chismografoforte.LoginActivity"
41-->src\main\AndroidManifest.xml:32:13-42
42            android:screenOrientation="portrait"
42-->src\main\AndroidManifest.xml:33:13-49
43            android:theme="@style/AppTheme.NoActionBar" />
43-->src\main\AndroidManifest.xml:34:13-56
44    </application>
45
46</manifest>